# JRE version: OpenJDK Runtime Environment (7.0_85-b01) (build 1.7.0_85-b01)
# Java VM: OpenJDK 64-Bit Server VM (24.85-b03 mixed mode linux-amd64 compressed oops)
Heap
 PSYoungGen      total 525824K, used 5606K [0x00000007ace80000, 0x00000007cd580000, 0x0000000800000000)
  eden space 520192K, 0% used [0x00000007ace80000,0x00000007ace80000,0x00000007cca80000)
  from space 5632K, 99% used [0x00000007cca80000,0x00000007ccff9b00,0x00000007cd000000)
  to   space 5632K, 0% used [0x00000007cd000000,0x00000007cd000000,0x00000007cd580000)
 ParOldGen       total 169984K, used 2694K [0x0000000706c00000, 0x0000000711200000, 0x00000007ace80000)
  object space 169984K, 1% used [0x0000000706c00000,0x0000000706ea1898,0x0000000711200000)
 PSPermGen       total 21504K, used 19864K [0x00000006fc600000, 0x00000006fdb00000, 0x0000000706c00000)
  object space 21504K, 92% used [0x00000006fc600000,0x00000006fd9660f8,0x00000006fdb00000)
GC Heap History (10 events):
Event: 3.730 GC heap after
Heap after GC invocations=4 (full 0):
 PSYoungGen      total 140288K, used 2832K [0x00000007ace80000, 0x00000007b6180000, 0x0000000800000000)
  eden space 130048K, 0% used [0x00000007ace80000,0x00000007ace80000,0x00000007b4d80000)
  from space 10240K, 27% used [0x00000007b5780000,0x00000007b5a44010,0x00000007b6180000)
  to   space 10240K, 0% used [0x00000007b4d80000,0x00000007b4d80000,0x00000007b5780000)
 ParOldGen       total 169984K, used 32K [0x0000000706c00000, 0x0000000711200000, 0x00000007ace80000)
  object space 169984K, 0% used [0x0000000706c00000,0x0000000706c08000,0x0000000711200000)
 PSPermGen       total 21504K, used 10377K [0x00000006fc600000, 0x00000006fdb00000, 0x0000000706c00000)
  object space 21504K, 48% used [0x00000006fc600000,0x00000006fd0225a8,0x00000006fdb00000)
}
Event: 4.867 GC heap before
{Heap before GC invocations=5 (full 0):
 PSYoungGen      total 140288K, used 132880K [0x00000007ace80000, 0x00000007b6180000, 0x0000000800000000)
  eden space 130048K, 100% used [0x00000007ace80000,0x00000007b4d80000,0x00000007b4d80000)
  from space 10240K, 27% used [0x00000007b5780000,0x00000007b5a44010,0x00000007b6180000)
  to   space 10240K, 0% used [0x00000007b4d80000,0x00000007b4d80000,0x00000007b5780000)
 ParOldGen       total 169984K, used 32K [0x0000000706c00000, 0x0000000711200000, 0x00000007ace80000)
  object space 169984K, 0% used [0x0000000706c00000,0x0000000706c08000,0x0000000711200000)
 PSPermGen       total 21504K, used 10503K [0x00000006fc600000, 0x00000006fdb00000, 0x0000000706c00000)
  object space 21504K, 48% used [0x00000006fc600000,0x00000006fd041ed0,0x00000006fdb00000)
Event: 4.897 GC heap after
Heap after GC invocations=5 (full 0):
 PSYoungGen      total 140288K, used 2976K [0x00000007ace80000, 0x00000007bd680000, 0x0000000800000000)
  eden space 130048K, 0% used [0x00000007ace80000,0x00000007ace80000,0x00000007b4d80000)
  from space 10240K, 29% used [0x00000007b4d80000,0x00000007b50682f8,0x00000007b5780000)
  to   space 5120K, 0% used [0x00000007bd180000,0x00000007bd180000,0x00000007bd680000)
 ParOldGen       total 169984K, used 40K [0x0000000706c00000, 0x0000000711200000, 0x00000007ace80000)
  object space 169984K, 0% used [0x0000000706c00000,0x0000000706c0a000,0x0000000711200000)
 PSPermGen       total 21504K, used 10503K [0x00000006fc600000, 0x00000006fdb00000, 0x0000000706c00000)
  object space 21504K, 48% used [0x00000006fc600000,0x00000006fd041ed0,0x00000006fdb00000)
}
Event: 5.345 GC heap before
{Heap before GC invocations=6 (full 0):
 PSYoungGen      total 140288K, used 133024K [0x00000007ace80000, 0x00000007bd680000, 0x0000000800000000)
  eden space 130048K, 100% used [0x00000007ace80000,0x00000007b4d80000,0x00000007b4d80000)
  from space 10240K, 29% used [0x00000007b4d80000,0x00000007b50682f8,0x00000007b5780000)
  to   space 5120K, 0% used [0x00000007bd180000,0x00000007bd180000,0x00000007bd680000)
 ParOldGen       total 169984K, used 40K [0x0000000706c00000, 0x0000000711200000, 0x00000007ace80000)
  object space 169984K, 0% used [0x0000000706c00000,0x0000000706c0a000,0x0000000711200000)
 PSPermGen       total 21504K, used 10505K [0x00000006fc600000, 0x00000006fdb00000, 0x0000000706c00000)
  object space 21504K, 48% used [0x00000006fc600000,0x00000006fd0424f0,0x00000006fdb00000)
Event: 5.389 GC heap after
Heap after GC invocations=6 (full 0):
 PSYoungGen      total 265216K, used 2800K [0x00000007ace80000, 0x00000007bd680000, 0x0000000800000000)
  eden space 260096K, 0% used [0x00000007ace80000,0x00000007ace80000,0x00000007bcc80000)
  from space 5120K, 54% used [0x00000007bd180000,0x00000007bd43c308,0x00000007bd680000)
  to   space 5120K, 0% used [0x00000007bcc80000,0x00000007bcc80000,0x00000007bd180000)
 ParOldGen       total 169984K, used 48K [0x0000000706c00000, 0x0000000711200000, 0x00000007ace80000)
  object space 169984K, 0% used [0x0000000706c00000,0x0000000706c0c000,0x0000000711200000)
 PSPermGen       total 21504K, used 10505K [0x00000006fc600000, 0x00000006fdb00000, 0x0000000706c00000)
  object space 21504K, 48% used [0x00000006fc600000,0x00000006fd0424f0,0x00000006fdb00000)
}
Event: 5.986 GC heap before
{Heap before GC invocations=7 (full 0):
 PSYoungGen      total 265216K, used 262896K [0x00000007ace80000, 0x00000007bd680000, 0x0000000800000000)
  eden space 260096K, 100% used [0x00000007ace80000,0x00000007bcc80000,0x00000007bcc80000)
  from space 5120K, 54% used [0x00000007bd180000,0x00000007bd43c308,0x00000007bd680000)
  to   space 5120K, 0% used [0x00000007bcc80000,0x00000007bcc80000,0x00000007bd180000)
 ParOldGen       total 169984K, used 48K [0x0000000706c00000, 0x0000000711200000, 0x00000007ace80000)
  object space 169984K, 0% used [0x0000000706c00000,0x0000000706c0c000,0x0000000711200000)
 PSPermGen       total 21504K, used 10511K [0x00000006fc600000, 0x00000006fdb00000, 0x0000000706c00000)
  object space 21504K, 48% used [0x00000006fc600000,0x00000006fd043da0,0x00000006fdb00000)
Event: 5.995 GC heap after
Heap after GC invocations=7 (full 0):
 PSYoungGen      total 265216K, used 192K [0x00000007ace80000, 0x00000007cd580000, 0x0000000800000000)
  eden space 260096K, 0% used [0x00000007ace80000,0x00000007ace80000,0x00000007bcc80000)
  from space 5120K, 3% used [0x00000007bcc80000,0x00000007bccb0000,0x00000007bd180000)
  to   space 5632K, 0% used [0x00000007cd000000,0x00000007cd000000,0x00000007cd580000)
 ParOldGen       total 169984K, used 2356K [0x0000000706c00000, 0x0000000711200000, 0x00000007ace80000)
  object space 169984K, 1% used [0x0000000706c00000,0x0000000706e4d0d8,0x0000000711200000)
 PSPermGen       total 21504K, used 10511K [0x00000006fc600000, 0x00000006fdb00000, 0x0000000706c00000)
  object space 21504K, 48% used [0x00000006fc600000,0x00000006fd043da0,0x00000006fdb00000)
}
Event: 6.707 GC heap before
{Heap before GC invocations=8 (full 0):
 PSYoungGen      total 265216K, used 260288K [0x00000007ace80000, 0x00000007cd580000, 0x0000000800000000)
  eden space 260096K, 100% used [0x00000007ace80000,0x00000007bcc80000,0x00000007bcc80000)
  from space 5120K, 3% used [0x00000007bcc80000,0x00000007bccb0000,0x00000007bd180000)
  to   space 5632K, 0% used [0x00000007cd000000,0x00000007cd000000,0x00000007cd580000)
 ParOldGen       total 169984K, used 2356K [0x0000000706c00000, 0x0000000711200000, 0x00000007ace80000)
  object space 169984K, 1% used [0x0000000706c00000,0x0000000706e4d0d8,0x0000000711200000)
 PSPermGen       total 21504K, used 11596K [0x00000006fc600000, 0x00000006fdb00000, 0x0000000706c00000)
  object space 21504K, 53% used [0x00000006fc600000,0x00000006fd153060,0x00000006fdb00000)
Event: 6.775 GC heap after
Heap after GC invocations=8 (full 0):
 PSYoungGen      total 525824K, used 672K [0x00000007ace80000, 0x00000007cd580000, 0x0000000800000000)
  eden space 520192K, 0% used [0x00000007ace80000,0x00000007ace80000,0x00000007cca80000)
  from space 5632K, 11% used [0x00000007cd000000,0x00000007cd0a8000,0x00000007cd580000)
  to   space 5632K, 0% used [0x00000007cca80000,0x00000007cca80000,0x00000007cd000000)
 ParOldGen       total 169984K, used 2412K [0x0000000706c00000, 0x0000000711200000, 0x00000007ace80000)
  object space 169984K, 1% used [0x0000000706c00000,0x0000000706e5b0d8,0x0000000711200000)
 PSPermGen       total 21504K, used 11596K [0x00000006fc600000, 0x00000006fdb00000, 0x0000000706c00000)
  object space 21504K, 53% used [0x00000006fc600000,0x00000006fd153060,0x00000006fdb00000)
}
Event: 18.593 GC heap before
{Heap before GC invocations=9 (full 0):
 PSYoungGen      total 525824K, used 520864K [0x00000007ace80000, 0x00000007cd580000, 0x0000000800000000)
  eden space 520192K, 100% used [0x00000007ace80000,0x00000007cca80000,0x00000007cca80000)
  from space 5632K, 11% used [0x00000007cd000000,0x00000007cd0a8000,0x00000007cd580000)
  to   space 5632K, 0% used [0x00000007cca80000,0x00000007cca80000,0x00000007cd000000)
 ParOldGen       total 169984K, used 2412K [0x0000000706c00000, 0x0000000711200000, 0x00000007ace80000)
  object space 169984K, 1% used [0x0000000706c00000,0x0000000706e5b0d8,0x0000000711200000)
 PSPermGen       total 21504K, used 19864K [0x00000006fc600000, 0x00000006fdb00000, 0x0000000706c00000)
  object space 21504K, 92% used [0x00000006fc600000,0x00000006fd9660f8,0x00000006fdb00000)

